MPASM 5.87        TECLADOINTERRUPCIONMUL.ASM   5-20-2025  15:52:06         PAGE  1


LOC  OBJECT CODE     LINE SOURCE TEXT
  VALUE

                      00001 ;################################################################
                      00002         ;#PROYECTO:  MULTIPLEXACION CON  DISPLAY DE  SEGMENTOS
                      00003         ; AUTOR    : CASTILLO, DARÍO ALBERTO
                      00004         ; E-MAIL: DARIO.CASTILLO@MI.UNC.EDU.AR
                      00005         ;################################################################
                      00006         LIST P=16F887
                      00007         #INCLUDE "p16F887.inc"
                      00001         LIST
                      00002 
                      00003 ;==========================================================================
                      00004 ; Build date : Jan 06 2020
                      00005 ;  MPASM PIC16F887 processor include
                      00006 ; 
                      00007 ;  (c) Copyright 1999-2020 Microchip Technology, All rights reserved
                      00008 ;==========================================================================
                      00009 
                      00810         LIST
2007   2FF4           00008         __CONFIG _CONFIG1, _FOSC_INTRC_NOCLKOUT & _WDTE_OFF & _MCLRE_ON & _LVP_OFF
                      00009     ; -----------------------------------------------VARIABLES------------------------------------------
                            ----------------------------
                      00010     
  00000020            00011 COUNT1                  EQU             0x20            ;CONT 1  Y 2 DE LOS DELAY
  00000021            00012 COUNT2                  EQU             0x21
  00000022            00013 ESTADO                  EQU             0x22
  00000023            00014 DOBLEV                  EQU             0X23
  00000024            00015 CLAVE                   EQU             0X24    
  00000025            00016 UNIDAD                  EQU             0X25
  00000026            00017 DECENA                  EQU             0X26
  00000027            00018 CENTENA                 EQU             0X27
                      00019         ORG                     0X00
0000   2???           00020         GOTO                    START
                      00021         ORG                     0X04
0004   2???           00022         GOTO                    INTERRUPCION
                      00023         
                      00024         ORG                      0x05
                      00025         
                      00026     ;  ########################################################################################
0005                  00027 START:
                      00028         ;-----------------------------------------------CONFIGURACION DE PUERTOS------------------------
                            ------------------
0005   1683 1703      00029     BANKSEL             ANSEL
Message[302]: Register in operand not in bank 0.  Ensure that bank bits are correct.
0007   0189           00030     CLRF                ANSELH
0008   3001           00031     MOVLW               B'00000001'
Message[302]: Register in operand not in bank 0.  Ensure that bank bits are correct.
0009   0088           00032     MOVWF               ANSEL
                      00033     
                      00034     
000A   1683 1303      00035     BANKSEL             TRISA
Message[302]: Register in operand not in bank 0.  Ensure that bank bits are correct.
000C   1009           00036     BCF         TRISE,0                          ; PORTE COMO SALIDA
Message[302]: Register in operand not in bank 0.  Ensure that bank bits are correct.
000D   1089           00037     BCF         TRISE,1
MPASM 5.87        TECLADOINTERRUPCIONMUL.ASM   5-20-2025  15:52:06         PAGE  2


LOC  OBJECT CODE     LINE SOURCE TEXT
  VALUE

Message[302]: Register in operand not in bank 0.  Ensure that bank bits are correct.
000E   1109           00038     BCF         TRISE,2
Message[302]: Register in operand not in bank 0.  Ensure that bank bits are correct.
000F   0188           00039     CLRF                TRISD   ;saldia display
Message[302]: Register in operand not in bank 0.  Ensure that bank bits are correct.
0010   0187           00040     CLRF                TRISC   
0011   30F0           00041     MOVLW               B'11110000'
Message[302]: Register in operand not in bank 0.  Ensure that bank bits are correct.
0012   0086           00042     MOVWF               TRISB
Message[302]: Register in operand not in bank 0.  Ensure that bank bits are correct.
0013   1405           00043     BSF         TRISA,0         ;ENTRADA ANALOGICA ANS0
                      00044     
                      00045     
                      00046     
0014   1283 1303      00047    BANKSEL              INTCON          ;BANCO 1
0016   178B           00048     BSF         INTCON,GIE      ;HABILITO EL GIE
                      00049     ;-------------CONFIG PARA TIMER-------------
0017   110B           00050     BCF         INTCON,T0IF         ;BORRO FLAG DE TIMER
0018   168B           00051     BSF         INTCON,T0IE         ;HABILITO INTERRUPCION TIMER
                      00052     
0019   1683 1303      00053    BANKSEL              OPTION_REG
Message[302]: Register in operand not in bank 0.  Ensure that bank bits are correct.
001B   1281           00054     BCF         OPTION_REG,T0CS  ;SELECCIONO TIMER POR CONTADOR DE INSTRUCCIONES
                      00055     ;-----CONGIGURO PRESCALER----
Message[302]: Register in operand not in bank 0.  Ensure that bank bits are correct.
001C   1401           00056     BSF         OPTION_REG,PS0
Message[302]: Register in operand not in bank 0.  Ensure that bank bits are correct.
001D   1481           00057     BSF         OPTION_REG,PS1
Message[302]: Register in operand not in bank 0.  Ensure that bank bits are correct.
001E   1501           00058     BSF         OPTION_REG,PS2
Message[302]: Register in operand not in bank 0.  Ensure that bank bits are correct.
001F   1181           00059     BCF         OPTION_REG, PSA   ; asignar prescaler al TIMER0
Message[302]: Register in operand not in bank 0.  Ensure that bank bits are correct.
0020   1701           00060     BSF         OPTION_REG, INTEDG 
Message[302]: Register in operand not in bank 0.  Ensure that bank bits are correct.
0021   1201           00061     BCF         OPTION_REG,T0SE     ;CONFIGURO  TRANSICIONES DE BAJO A ALTO
                      00062     
0022   1283 1303      00063     BANKSEL             ADCON0
                      00064     ;CONFIGURO FRECUENCIA
0024   139F           00065     BCF         ADCON0,7                   
0025   171F           00066     BSF         ADCON0,6
                      00067     ;CONFIGURO CANAL USO EL CANALE 7 AHORA 0 0 0 0  = 0
0026   129F           00068     BCF         ADCON0,5                   
0027   121F           00069     BCF         ADCON0,4
0028   119F           00070     BCF         ADCON0,3
0029   111F           00071     BCF         ADCON0,2
                      00072     ;CONFIGURO ADON ENCENDER ADC..--- 
002A   141F           00073    BSF          ADCON0,0
                      00074     
002B   1683 1303      00075     BANKSEL             ADCON1
                      00076     ;JUSTIFICO
Message[302]: Register in operand not in bank 0.  Ensure that bank bits are correct.
002D   139F           00077     BCF         ADCON1,7
MPASM 5.87        TECLADOINTERRUPCIONMUL.ASM   5-20-2025  15:52:06         PAGE  3


LOC  OBJECT CODE     LINE SOURCE TEXT
  VALUE

                      00078     ;VOLTAJE
Message[302]: Register in operand not in bank 0.  Ensure that bank bits are correct.
002E   129F           00079     BCF         ADCON1,5
002F   121F           00080     BCF         ADCON0,4
                      00081     
                      00082     
                      00083     
0030   1283 1303      00084     BANKSEL             PORTA
                      00085    ; CLRF               PORTC
0032   0188           00086     CLRF                PORTD
0033   0189           00087     CLRF                PORTE
0034   0186           00088     CLRF                PORTB
                      00089 
0035   300D           00090     MOVLW               .13
0036   00A5           00091     MOVWF               UNIDAD
0037   00A6           00092     MOVWF       DECENA
0038   00A7           00093     MOVWF       CENTENA
                      00094         
0039                  00095 MAIN:
                      00096    
0039   2???           00097     CALL                MULTIPLEXADO_DISPLAY
                      00098     
003A   2???           00099     GOTO                MAIN
                      00100         
003B                  00101 CARGAR_DIGITOS:
                      00102     
003B   2???           00103     CALL DELAY_50MS
                      00104    
003C   01A7           00105     CLRF                CENTENA
003D   0826           00106     MOVF                DECENA, W
003E   00A7           00107     MOVWF               CENTENA
                      00108     
003F   01A6           00109     CLRF                DECENA
0040   0825           00110     MOVF                UNIDAD,W
0041   00A6           00111     MOVWF               DECENA
                      00112     
0042   01A5           00113     CLRF                UNIDAD
0043   0824           00114     MOVF                CLAVE, W
0044   00A5           00115     MOVWF               UNIDAD
0045   01A4           00116     CLRF                CLAVE
                      00117                 
0046   0008           00118     RETURN      
0047                  00119 MULTIPLEXADO_COLUMNAS:
0047   3001           00120     MOVLW               B'00000001'
0048   0086           00121     MOVWF               PORTB
0049   2???           00122     CALL                FILA1
004A   3002           00123     MOVLW               B'00000010'
004B   0086           00124     MOVWF               PORTB
004C   2???           00125       CALL              FILA2
004D   3004           00126     MOVLW               B'00000100'
004E   0086           00127     MOVWF               PORTB
004F   2???           00128       CALL              FILA3
0050   3008           00129     MOVLW               B'00001000'
MPASM 5.87        TECLADOINTERRUPCIONMUL.ASM   5-20-2025  15:52:06         PAGE  4


LOC  OBJECT CODE     LINE SOURCE TEXT
  VALUE

0051   0086           00130     MOVWF               PORTB
0052   2???           00131     CALL                FILA4   
0053   0008           00132     RETURN
0054                  00133 MULTIPLEXADO_DISPLAY:
                      00134     ; Mostrar UNIDAD
0054   3001           00135     MOVLW                b'00000001'         ; Activar display de unidad
0055   0089           00136     MOVWF               PORTE
0056   2???           00137     CALL                MULTIPLEXADO_COLUMNAS
0057   0825           00138     MOVF                UNIDAD, W           ; Cargar valor de UNIDAD en W
0058   2???           00139     CALL                TABLA
0059   0088           00140     MOVWF               PORTD
005A   2???           00141     CALL                DELAY_20MS
                      00142      ; Mostrar DECENAS
005B   3002           00143     MOVLW               b'00000010'         ; Activar display de decenas
005C   0089           00144     MOVWF               PORTE
005D   2???           00145    CALL         MULTIPLEXADO_COLUMNAS
005E   0826           00146     MOVF                DECENA, W          ; Cargar valor de DECENAS en W
005F   2???           00147     CALL                TABLA
0060   0088           00148     MOVWF               PORTD
0061   2???           00149     CALL                DELAY_20MS
                      00150     ; Mostrar CENTENAS
0062   3004           00151     MOVLW                b'00000100'         ; Activar display de centenas
0063   0089           00152     MOVWF               PORTE
0064   2???           00153      CALL               MULTIPLEXADO_COLUMNAS
0065   0827           00154     MOVF                CENTENA, W         ; Cargar valor de CENTENAS en W
0066   2???           00155     CALL                TABLA
0067   0088           00156     MOVWF               PORTD
0068   2???           00157     CALL                DELAY_20MS
                      00158 
                      00159    
0069   0008           00160     RETURN
                      00161 
                      00162         
                      00163         
                      00164      ;-----------------TECLADOO-------------
006A                  00165 FILA1:
006A   1E06           00166     BTFSS               PORTB,4
006B   2???           00167     GOTO                NUM2
006C   3000           00168     MOVLW               .0
006D   00A4           00169     MOVWF               CLAVE
006E   2???           00170    CALL         CARGAR_DIGITOS
006F   0008           00171     RETURN
0070                  00172 NUM2:
0070   1E86           00173             BTFSS       PORTB,5
0071   2???           00174             GOTO        NUM3
0072   3001           00175             MOVLW       .1
0073   00A4           00176             MOVWF       CLAVE
0074   2???           00177             CALL        CARGAR_DIGITOS
0075   0008           00178             RETURN              
0076                  00179 NUM3:
0076   1F06           00180             BTFSS       PORTB,6
0077   2???           00181             GOTO        NUM4
0078   3002           00182             MOVLW       .2
MPASM 5.87        TECLADOINTERRUPCIONMUL.ASM   5-20-2025  15:52:06         PAGE  5


LOC  OBJECT CODE     LINE SOURCE TEXT
  VALUE

0079   00A4           00183             MOVWF       CLAVE
007A   2???           00184             CALL                CARGAR_DIGITOS
007B   0008           00185             RETURN
007C                  00186 NUM4:
007C   1F86           00187             BTFSS       PORTB,7
007D   2???           00188             GOTO        FILA2
007E   3003           00189             MOVLW       .3
007F   00A4           00190             MOVWF       CLAVE
0080   2???           00191            CALL         CARGAR_DIGITOS
0081   0008           00192             RETURN
0082                  00193 FILA2:
0082   1E06           00194     BTFSS               PORTB,4
0083   2???           00195     GOTO                NUM6
0084   3004           00196     MOVLW               .4
0085   00A4           00197     MOVWF               CLAVE
0086   2???           00198     CALL                CARGAR_DIGITOS
0087   0008           00199     RETURN
0088                  00200 NUM6:
0088   1E86           00201         BTFSS   PORTB,5
0089   2???           00202         GOTO    NUM7
008A   3005           00203         MOVLW   .5
008B   00A4           00204         MOVWF   CLAVE
008C   2???           00205         CALL            CARGAR_DIGITOS
008D   0008           00206         RETURN
008E                  00207 NUM7:
008E   1F06           00208         BTFSS   PORTB,6
008F   2???           00209         GOTO    NUM8
0090   3006           00210         MOVLW   .6
0091   00A4           00211         MOVWF   CLAVE
0092   2???           00212         CALL            CARGAR_DIGITOS
0093   0008           00213         RETURN
0094                  00214 NUM8:
0094   1F86           00215         BTFSS   PORTB,7
0095   2???           00216         GOTO    FILA3
0096   3007           00217         MOVLW   .7
0097   00A4           00218         MOVWF   CLAVE
0098   2???           00219         CALL            CARGAR_DIGITOS
0099   0008           00220         RETURN
009A                  00221 FILA3:
009A   1E06           00222     BTFSS               PORTB,4
009B   2???           00223     GOTO                NUMA
009C   3008           00224     MOVLW               .8
009D   00A4           00225     MOVWF               CLAVE
009E   2???           00226   CALL          CARGAR_DIGITOS
009F   0008           00227     RETURN
00A0                  00228 NUMA:
00A0   1E86           00229         BTFSS   PORTB,5
00A1   2???           00230         GOTO    NUMB
00A2   3009           00231         MOVLW   .9
00A3   00A4           00232         MOVWF   CLAVE
00A4   2???           00233         CALL            CARGAR_DIGITOS
00A5   0008           00234         RETURN
00A6                  00235 NUMB:
MPASM 5.87        TECLADOINTERRUPCIONMUL.ASM   5-20-2025  15:52:06         PAGE  6


LOC  OBJECT CODE     LINE SOURCE TEXT
  VALUE

00A6   1F06           00236         BTFSS   PORTB,6
00A7   2???           00237         GOTO    NUMC
00A8   300A           00238         MOVLW   .10
00A9   00A4           00239         MOVWF   CLAVE
00AA   2???           00240         CALL            CARGAR_DIGITOS
00AB   0008           00241         RETURN
00AC                  00242 NUMC:
00AC   1F86           00243         BTFSS   PORTB,7
00AD   2???           00244         GOTO    FILA4
00AE   300B           00245         MOVLW   .11
00AF   00A4           00246         MOVWF   CLAVE
00B0   2???           00247         CALL            CARGAR_DIGITOS
00B1   0008           00248         RETURN
00B2                  00249 FILA4:
00B2   1E06           00250     BTFSS               PORTB,4
00B3   2???           00251     GOTO                NUME
00B4   300C           00252     MOVLW               .12
00B5   00A4           00253     MOVWF               CLAVE
00B6   2???           00254    CALL         CARGAR_DIGITOS
00B7   0008           00255     RETURN
00B8                  00256 NUME:
00B8   1E86           00257         BTFSS   PORTB,5
00B9   2???           00258         GOTO    NUMF
00BA   300D           00259         MOVLW   .13
00BB   00A4           00260         MOVWF   CLAVE
00BC   2???           00261         CALL            CARGAR_DIGITOS
00BD   0008           00262         RETURN
00BE                  00263 NUMF:
00BE   1F06           00264         BTFSS   PORTB,6
00BF   2???           00265         GOTO    NUM0
00C0   300E           00266         MOVLW   .14
00C1   00A4           00267         MOVWF   CLAVE
00C2   2???           00268         CALL            CARGAR_DIGITOS
00C3   0008           00269         RETURN
00C4                  00270 NUM0:
00C4   1F86           00271         BTFSS   PORTB,7
00C5   0008           00272         RETURN
00C6   300F           00273         MOVLW   .15
00C7   00A4           00274         MOVWF   CLAVE
00C8   2???           00275         CALL            CARGAR_DIGITOS
00C9   0008           00276         RETURN
                      00277 
                      00278 
00CA                  00279 TABLA:
00CA   0782           00280     ADDWF               PCL,F
                      00281     
00CB   3430           00282       RETLW             0x30;1
00CC   346D           00283     RETLW               0x6D;2
00CD   3479           00284     RETLW               0x79;3
00CE   347D           00285     RETLW               B'1111101'
                      00286    
00CF   3433           00287     RETLW               0x33;4
00D0   345B           00288     RETLW                0x5B;5
MPASM 5.87        TECLADOINTERRUPCIONMUL.ASM   5-20-2025  15:52:06         PAGE  7


LOC  OBJECT CODE     LINE SOURCE TEXT
  VALUE

00D1   345F           00289     RETLW               0x5F;6
00D2   341F           00290     RETLW               B'0011111'
                      00291     
00D3   3470           00292     RETLW               0x70 ;7
00D4   347F           00293     RETLW                0x7F ;8
00D5   3473           00294     RETLW                0x73;9
00D6   344E           00295      RETLW              B'1001110'
                      00296      
00D7   343D           00297     RETLW               B'0111101'
00D8   347E           00298     RETLW               B'1111110'
00D9   344F           00299     RETLW               B'1001111'
00DA   3447           00300     RETLW               B'1000111'
00DB                  00301 DELAY_20MS:
00DB   3032           00302     MOVLW               .50                     ; Ajustar COUNT1 para lograr 20 ms
00DC   00A0           00303     MOVWF               COUNT1
00DD                  00304 P1:
00DD   3032           00305     MOVLW               .50                             ; COUNT2 sigue en 50
00DE   00A1           00306     MOVWF               COUNT2
00DF                  00307 P2:
00DF   0BA1           00308     DECFSZ              COUNT2, F                               ; Reducir COUNT2 hasta cero
00E0   2???           00309     GOTO                P2
00E1   0BA0           00310     DECFSZ              COUNT1, F                               ; Reducir COUNT1 hasta cero
00E2   2???           00311     GOTO                P1
00E3   0008           00312     RETURN
                      00313         
                      00314         
00E4                  00315 DELAY_50MS:   
00E4   30FA           00316     MOVLW                 .250            ; Ajustar COUNT1 para lograr 1 segundo
00E5   00A0           00317     MOVWF                COUNT1          ; Carga COUNT1 con el valor inicial
00E6                  00318 D1:
00E6   30FA           00319     MOVLW                  .250            ; Ajustar COUNT2, controla ciclos internos
00E7   00A1           00320     MOVWF               COUNT2          ; Carga COUNT2 con el valor inicial
00E8                  00321 D2:
00E8   0BA1           00322     DECFSZ              COUNT2, F       ; Reducir COUNT2 hasta cero
00E9   2???           00323     GOTO                D2
00EA   0BA0           00324     DECFSZ              COUNT1, F       ; Reducir COUNT1 hasta cero
00EB   2???           00325     GOTO                D1
00EC   0008           00326     RETURN
                      00327     
                      00328     
                      00329     
                      00330     
                      00331         
00ED                  00332 INTERRUPCION:
                      00333       ; ----------------------GUARDO CONTEXTO-------------------------
00ED   00A3           00334     MOVWF               DOBLEV
00EE   0E03           00335     SWAPF               STATUS,W
00EF   00A2           00336     MOVWF               ESTADO
                      00337     ;------------------------;ANTIREBOTE
                      00338     ;----LOGICA INTERRUPCION-----------
00F0   2???           00339     CALL                CARGO_ADC
00F1   2???           00340     CALL                CARGO_LEDS
                      00341     ;----------------CARGO CONTEXTO-----------
MPASM 5.87        TECLADOINTERRUPCIONMUL.ASM   5-20-2025  15:52:06         PAGE  8


LOC  OBJECT CODE     LINE SOURCE TEXT
  VALUE

00F2                  00342 CONTEXTO:
00F2   110B           00343    BCF          INTCON,T0IF         ;BORRO FLAG DE TIMER
                      00344    
00F3   0E22           00345     SWAPF               ESTADO,W
00F4   0083           00346     MOVWF               STATUS
00F5   0EA3           00347     SWAPF               DOBLEV,1
00F6   0E23           00348     SWAPF               DOBLEV,0
                      00349     ;---------------.VUELVO------------------
00F7   0009           00350     RETFIE
00F8                  00351 CARGO_LEDS:
                      00352     ;CLRF    PORTA            ; Limpia `PORTB` antes de asignar valores
                      00353 
00F8   3020           00354     MOVLW               .32              
00F9   021E           00355     SUBWF               ADRESH, W
00FA   1C03           00356     BTFSS               STATUS, C       
00FB   2???           00357     GOTO                LED1
                      00358 
00FC   3040           00359     MOVLW                .64              
00FD   021E           00360     SUBWF               ADRESH, W
00FE   1C03           00361     BTFSS               STATUS, C
00FF   2???           00362     GOTO                LED2
                      00363 
0100   3060           00364     MOVLW               .96              
0101   021E           00365     SUBWF               ADRESH, W
0102   1C03           00366     BTFSS               STATUS, C
0103   2???           00367     GOTO                 LED3
                      00368 
0104   3080           00369     MOVLW               .128              
0105   021E           00370     SUBWF               ADRESH, W
0106   1C03           00371     BTFSS               STATUS, C
0107   2???           00372     GOTO                LED4
                      00373 
0108   30A0           00374     MOVLW               .160              
0109   021E           00375     SUBWF               ADRESH, W
010A   1C03           00376     BTFSS               STATUS, C
010B   2???           00377     GOTO                LED5
                      00378 
010C   30C0           00379     MOVLW               .192              
010D   021E           00380     SUBWF               ADRESH, W
010E   1C03           00381     BTFSS               STATUS, C
010F   2???           00382     GOTO                 LED6
                      00383 
0110   30E0           00384     MOVLW                .224              
0111   021E           00385     SUBWF               ADRESH, W
0112   1C03           00386     BTFSS               STATUS, C
0113   2???           00387     GOTO                LED7
                      00388 
0114   30FF           00389     MOVLW                .255              
0115   021E           00390     SUBWF               ADRESH, W
0116   1C03           00391     BTFSS               STATUS, C
0117   2???           00392     GOTO                 LED8
                      00393 
0118   0008           00394     RETURN                   
MPASM 5.87        TECLADOINTERRUPCIONMUL.ASM   5-20-2025  15:52:06         PAGE  9


LOC  OBJECT CODE     LINE SOURCE TEXT
  VALUE

                      00395 
0119                  00396 LED1:
0119   3001           00397     MOVLW                b'00000001'      
011A   0087           00398     MOVWF               PORTC
011B   0008           00399     RETURN
                      00400 
011C                  00401 LED2:
011C   3003           00402     MOVLW               b'00000011'
011D   0087           00403     MOVWF               PORTC
011E   0008           00404     RETURN
                      00405 
011F                  00406 LED3:
011F   3007           00407     MOVLW               b'00000111'
0120   0087           00408     MOVWF               PORTC
0121   0008           00409     RETURN
                      00410 
0122                  00411 LED4:
0122   300F           00412     MOVLW               b'00001111'
0123   0087           00413     MOVWF               PORTC
0124   0008           00414     RETURN
                      00415 
0125                  00416 LED5:
0125   301F           00417     MOVLW               b'00011111'
0126   0087           00418     MOVWF               PORTC
0127   0008           00419     RETURN
                      00420 
0128                  00421 LED6:
0128   303F           00422     MOVLW               b'00111111'
0129   0087           00423     MOVWF               PORTC
012A   0008           00424     RETURN
                      00425 
012B                  00426 LED7:
012B   307F           00427     MOVLW               b'01111111'
012C   0087           00428     MOVWF               PORTC
012D   0008           00429     RETURN
                      00430 
012E                  00431 LED8:
012E   30FF           00432     MOVLW               b'11111111'
012F   0087           00433     MOVWF               PORTC
0130   0008           00434     RETURN
                      00435 
0131                  00436 CARGO_ADC:
0131   1283 1303      00437     BANKSEL             ADCON0
0133   149F           00438     BSF         ADCON0,GO               ;HABILITO EL ADC INICIALIZA
                      00439     ;ESPERO QUE CONVIERTA
0134                  00440 ESPERO:
0134   189F           00441     BTFSC               ADCON0, GO     
0135   2???           00442     GOTO                ESPERO
0136   1283 1303      00443     BANKSEL             ADRESH          ;OBTENGO  PARTE ALTA DE ADC
0138   081E           00444     MOVF                ADRESH, W     
0139   1283 1303      00445     BANKSEL             PORTA
013B   0008           00446     RETURN
                      00447     
MPASM 5.87        TECLADOINTERRUPCIONMUL.ASM   5-20-2025  15:52:06         PAGE 10


LOC  OBJECT CODE     LINE SOURCE TEXT
  VALUE

                      00448 
                      00449 
                      00450     
                      00451     
                      00452     
                      00453     
2FF4                  00454     END
MPASM 5.87        TECLADOINTERRUPCIONMUL.ASM   5-20-2025  15:52:06         PAGE 11


SYMBOL TABLE
  LABEL                             VALUE 

ABDEN                             00000000
ABDOVF                            00000007
ACKDT                             00000005
ACKEN                             00000004
ACKSTAT                           00000006
ADCON0                            0000001F
ADCON1                            0000009F
ADCS0                             00000006
ADCS1                             00000007
ADDEN                             00000003
ADFM                              00000007
ADIE                              00000006
ADIF                              00000006
ADON                              00000000
ADRESH                            0000001E
ADRESL                            0000009E
ANS0                              00000000
ANS1                              00000001
ANS10                             00000002
ANS11                             00000003
ANS12                             00000004
ANS13                             00000005
ANS2                              00000002
ANS3                              00000003
ANS4                              00000004
ANS5                              00000005
ANS6                              00000006
ANS7                              00000007
ANS8                              00000000
ANS9                              00000001
ANSEL                             00000188
ANSELH                            00000189
BAUDCTL                           00000187
BCLIE                             00000003
BCLIF                             00000003
BF                                00000000
BRG0                              00000000
BRG1                              00000001
BRG10                             00000002
BRG11                             00000003
BRG12                             00000004
BRG13                             00000005
BRG14                             00000006
BRG15                             00000007
BRG16                             00000003
BRG2                              00000002
BRG3                              00000003
BRG4                              00000004
BRG5                              00000005
BRG6                              00000006
BRG7                              00000007
BRG8                              00000000
BRG9                              00000001
MPASM 5.87        TECLADOINTERRUPCIONMUL.ASM   5-20-2025  15:52:06         PAGE 12


SYMBOL TABLE
  LABEL                             VALUE 

BRGH                              00000002
C                                 00000000
C1CH0                             00000000
C1CH1                             00000001
C1IE                              00000005
C1IF                              00000005
C1OE                              00000005
C1ON                              00000007
C1OUT                             00000006
C1POL                             00000004
C1R                               00000002
C1RSEL                            00000005
C1SEN                             00000005
C2CH0                             00000000
C2CH1                             00000001
C2IE                              00000006
C2IF                              00000006
C2OE                              00000005
C2ON                              00000007
C2OUT                             00000006
C2POL                             00000004
C2R                               00000002
C2REN                             00000004
C2RSEL                            00000004
C2SYNC                            00000000
CARGAR_DIGITOS                    0000003B
CARGO_ADC                         00000131
CARGO_LEDS                        000000F8
CCP1CON                           00000017
CCP1IE                            00000002
CCP1IF                            00000002
CCP1M0                            00000000
CCP1M1                            00000001
CCP1M2                            00000002
CCP1M3                            00000003
CCP1X                             00000005
CCP1Y                             00000004
CCP2CON                           0000001D
CCP2IE                            00000000
CCP2IF                            00000000
CCP2M0                            00000000
CCP2M1                            00000001
CCP2M2                            00000002
CCP2M3                            00000003
CCP2X                             00000005
CCP2Y                             00000004
CCPR1                             00000015
CCPR1H                            00000016
CCPR1L                            00000015
CCPR2                             0000001B
CCPR2H                            0000001C
CCPR2L                            0000001B
CENTENA                           00000027
MPASM 5.87        TECLADOINTERRUPCIONMUL.ASM   5-20-2025  15:52:06         PAGE 13


SYMBOL TABLE
  LABEL                             VALUE 

CHS0                              00000002
CHS1                              00000003
CHS2                              00000004
CHS3                              00000005
CKE                               00000006
CKP                               00000004
CLAVE                             00000024
CM1CON0                           00000107
CM2CON0                           00000108
CM2CON1                           00000109
CONTEXTO                          000000F2
COUNT1                            00000020
COUNT2                            00000021
CREN                              00000004
CSRC                              00000007
D                                 00000005
D1                                000000E6
D2                                000000E8
DATA_ADDRESS                      00000005
DC                                00000001
DC1B0                             00000004
DC1B1                             00000005
DC2B0                             00000004
DC2B1                             00000005
DECENA                            00000026
DELAY_20MS                        000000DB
DELAY_50MS                        000000E4
DOBLEV                            00000023
D_A                               00000005
D_NOT_A                           00000005
ECCPAS                            0000009C
ECCPAS0                           00000004
ECCPAS1                           00000005
ECCPAS2                           00000006
ECCPASE                           00000007
EEADR                             0000010D
EEADRH                            0000010F
EECON1                            0000018C
EECON2                            0000018D
EEDAT                             0000010C
EEDATA                            0000010C
EEDATH                            0000010E
EEIE                              00000004
EEIF                              00000004
EEPGD                             00000007
ESPERO                            00000134
ESTADO                            00000022
F                                 00000001
FERR                              00000002
FILA1                             0000006A
FILA2                             00000082
FILA3                             0000009A
FILA4                             000000B2
MPASM 5.87        TECLADOINTERRUPCIONMUL.ASM   5-20-2025  15:52:06         PAGE 14


SYMBOL TABLE
  LABEL                             VALUE 

FSR                               00000004
FVREN                             00000000
GCEN                              00000007
GIE                               00000007
GO                                00000001
GO_DONE                           00000001
GO_NOT_DONE                       00000001
HTS                               00000002
I2C_DATA                          00000005
I2C_READ                          00000002
I2C_START                         00000003
I2C_STOP                          00000004
INDF                              00000000
INTCON                            0000000B
INTE                              00000004
INTEDG                            00000006
INTERRUPCION                      000000ED
INTF                              00000001
IOCB                              00000096
IOCB0                             00000000
IOCB1                             00000001
IOCB2                             00000002
IOCB3                             00000003
IOCB4                             00000004
IOCB5                             00000005
IOCB6                             00000006
IOCB7                             00000007
IRCF0                             00000004
IRCF1                             00000005
IRCF2                             00000006
IRP                               00000007
LED1                              00000119
LED2                              0000011C
LED3                              0000011F
LED4                              00000122
LED5                              00000125
LED6                              00000128
LED7                              0000012B
LED8                              0000012E
LTS                               00000001
MAIN                              00000039
MC1OUT                            00000007
MC2OUT                            00000006
MSK                               00000093
MSK0                              00000000
MSK1                              00000001
MSK2                              00000002
MSK3                              00000003
MSK4                              00000004
MSK5                              00000005
MSK6                              00000006
MSK7                              00000007
MULTIPLEXADO_COLUMNAS             00000047
MPASM 5.87        TECLADOINTERRUPCIONMUL.ASM   5-20-2025  15:52:06         PAGE 15


SYMBOL TABLE
  LABEL                             VALUE 

MULTIPLEXADO_DISPLAY              00000054
NOT_A                             00000005
NOT_ADDRESS                       00000005
NOT_BO                            00000000
NOT_BOR                           00000000
NOT_DONE                          00000001
NOT_PD                            00000003
NOT_POR                           00000001
NOT_RBPU                          00000007
NOT_RC8                           00000006
NOT_T1SYNC                        00000002
NOT_TO                            00000004
NOT_TX8                           00000006
NOT_W                             00000002
NOT_WRITE                         00000002
NUM0                              000000C4
NUM2                              00000070
NUM3                              00000076
NUM4                              0000007C
NUM6                              00000088
NUM7                              0000008E
NUM8                              00000094
NUMA                              000000A0
NUMB                              000000A6
NUMC                              000000AC
NUME                              000000B8
NUMF                              000000BE
OERR                              00000001
OPTION_REG                        00000081
OSCCON                            0000008F
OSCTUNE                           00000090
OSFIE                             00000007
OSFIF                             00000007
OSTS                              00000003
P                                 00000004
P1                                000000DD
P1M0                              00000006
P1M1                              00000007
P2                                000000DF
PCL                               00000002
PCLATH                            0000000A
PCON                              0000008E
PDC0                              00000000
PDC1                              00000001
PDC2                              00000002
PDC3                              00000003
PDC4                              00000004
PDC5                              00000005
PDC6                              00000006
PEIE                              00000006
PEN                               00000002
PIE1                              0000008C
PIE2                              0000008D
MPASM 5.87        TECLADOINTERRUPCIONMUL.ASM   5-20-2025  15:52:06         PAGE 16


SYMBOL TABLE
  LABEL                             VALUE 

PIR1                              0000000C
PIR2                              0000000D
PORTA                             00000005
PORTB                             00000006
PORTC                             00000007
PORTD                             00000008
PORTE                             00000009
PR2                               00000092
PRSEN                             00000007
PS0                               00000000
PS1                               00000001
PS2                               00000002
PSA                               00000003
PSSAC0                            00000002
PSSAC1                            00000003
PSSBD0                            00000000
PSSBD1                            00000001
PSTRCON                           0000009D
PULSR                             00000002
PULSS                             00000003
PWM1CON                           0000009B
R                                 00000002
RA0                               00000000
RA1                               00000001
RA2                               00000002
RA3                               00000003
RA4                               00000004
RA5                               00000005
RA6                               00000006
RA7                               00000007
RB0                               00000000
RB1                               00000001
RB2                               00000002
RB3                               00000003
RB4                               00000004
RB5                               00000005
RB6                               00000006
RB7                               00000007
RBIE                              00000003
RBIF                              00000000
RC0                               00000000
RC1                               00000001
RC2                               00000002
RC3                               00000003
RC4                               00000004
RC5                               00000005
RC6                               00000006
RC7                               00000007
RC8_9                             00000006
RC9                               00000006
RCD8                              00000000
RCEN                              00000003
RCIDL                             00000006
MPASM 5.87        TECLADOINTERRUPCIONMUL.ASM   5-20-2025  15:52:06         PAGE 17


SYMBOL TABLE
  LABEL                             VALUE 

RCIE                              00000005
RCIF                              00000005
RCREG                             0000001A
RCSTA                             00000018
RD                                00000000
RD0                               00000000
RD1                               00000001
RD2                               00000002
RD3                               00000003
RD4                               00000004
RD5                               00000005
RD6                               00000006
RD7                               00000007
RE0                               00000000
RE1                               00000001
RE2                               00000002
RE3                               00000003
READ_WRITE                        00000002
RP0                               00000005
RP1                               00000006
RSEN                              00000001
RX9                               00000006
RX9D                              00000000
R_NOT_W                           00000002
R_W                               00000002
S                                 00000003
SBOREN                            00000004
SCKP                              00000004
SCS                               00000000
SEN                               00000000
SENDB                             00000003
SMP                               00000007
SPBRG                             00000099
SPBRGH                            0000009A
SPEN                              00000007
SR0                               00000006
SR1                               00000007
SRCON                             00000185
SREN                              00000005
SSPADD                            00000093
SSPBUF                            00000013
SSPCON                            00000014
SSPCON2                           00000091
SSPEN                             00000005
SSPIE                             00000003
SSPIF                             00000003
SSPM0                             00000000
SSPM1                             00000001
SSPM2                             00000002
SSPM3                             00000003
SSPMSK                            00000093
SSPOV                             00000006
SSPSTAT                           00000094
MPASM 5.87        TECLADOINTERRUPCIONMUL.ASM   5-20-2025  15:52:06         PAGE 18


SYMBOL TABLE
  LABEL                             VALUE 

START                             00000005
STATUS                            00000003
STRA                              00000000
STRB                              00000001
STRC                              00000002
STRD                              00000003
STRSYNC                           00000004
SWDTEN                            00000000
SYNC                              00000004
T0CS                              00000005
T0IE                              00000005
T0IF                              00000002
T0SE                              00000004
T1CKPS0                           00000004
T1CKPS1                           00000005
T1CON                             00000010
T1GINV                            00000007
T1GIV                             00000007
T1GSS                             00000001
T1INSYNC                          00000002
T1OSCEN                           00000003
T1SYNC                            00000002
T2CKPS0                           00000000
T2CKPS1                           00000001
T2CON                             00000012
TABLA                             000000CA
TMR0                              00000001
TMR0IE                            00000005
TMR0IF                            00000002
TMR1                              0000000E
TMR1CS                            00000001
TMR1GE                            00000006
TMR1H                             0000000F
TMR1IE                            00000000
TMR1IF                            00000000
TMR1L                             0000000E
TMR1ON                            00000000
TMR2                              00000011
TMR2IE                            00000001
TMR2IF                            00000001
TMR2ON                            00000002
TOUTPS0                           00000003
TOUTPS1                           00000004
TOUTPS2                           00000005
TOUTPS3                           00000006
TRISA                             00000085
TRISA0                            00000000
TRISA1                            00000001
TRISA2                            00000002
TRISA3                            00000003
TRISA4                            00000004
TRISA5                            00000005
TRISA6                            00000006
MPASM 5.87        TECLADOINTERRUPCIONMUL.ASM   5-20-2025  15:52:06         PAGE 19


SYMBOL TABLE
  LABEL                             VALUE 

TRISA7                            00000007
TRISB                             00000086
TRISB0                            00000000
TRISB1                            00000001
TRISB2                            00000002
TRISB3                            00000003
TRISB4                            00000004
TRISB5                            00000005
TRISB6                            00000006
TRISB7                            00000007
TRISC                             00000087
TRISC0                            00000000
TRISC1                            00000001
TRISC2                            00000002
TRISC3                            00000003
TRISC4                            00000004
TRISC5                            00000005
TRISC6                            00000006
TRISC7                            00000007
TRISD                             00000088
TRISD0                            00000000
TRISD1                            00000001
TRISD2                            00000002
TRISD3                            00000003
TRISD4                            00000004
TRISD5                            00000005
TRISD6                            00000006
TRISD7                            00000007
TRISE                             00000089
TRISE0                            00000000
TRISE1                            00000001
TRISE2                            00000002
TRISE3                            00000003
TRMT                              00000001
TUN0                              00000000
TUN1                              00000001
TUN2                              00000002
TUN3                              00000003
TUN4                              00000004
TX8_9                             00000006
TX9                               00000006
TX9D                              00000000
TXD8                              00000000
TXEN                              00000005
TXIE                              00000004
TXIF                              00000004
TXREG                             00000019
TXSTA                             00000098
UA                                00000001
ULPWUE                            00000005
ULPWUIE                           00000002
ULPWUIF                           00000002
UNIDAD                            00000025
MPASM 5.87        TECLADOINTERRUPCIONMUL.ASM   5-20-2025  15:52:06         PAGE 20


SYMBOL TABLE
  LABEL                             VALUE 

VCFG0                             00000004
VCFG1                             00000005
VR0                               00000000
VR1                               00000001
VR2                               00000002
VR3                               00000003
VRCON                             00000097
VREN                              00000007
VROE                              00000006
VRR                               00000005
VRSS                              00000004
W                                 00000000
WCOL                              00000007
WDTCON                            00000105
WDTPS0                            00000001
WDTPS1                            00000002
WDTPS2                            00000003
WDTPS3                            00000004
WPUB                              00000095
WPUB0                             00000000
WPUB1                             00000001
WPUB2                             00000002
WPUB3                             00000003
WPUB4                             00000004
WPUB5                             00000005
WPUB6                             00000006
WPUB7                             00000007
WR                                00000001
WREN                              00000002
WRERR                             00000003
WUE                               00000001
Z                                 00000002
_BOR21V                           00003EFF
_BOR40V                           00003FFF
_BOR4V_BOR21V                     00003EFF
_BOR4V_BOR40V                     00003FFF
_BOREN_NSLEEP                     00003EFF
_BOREN_OFF                        00003CFF
_BOREN_ON                         00003FFF
_BOREN_SBODEN                     00003DFF
_BOR_NSLEEP                       00003EFF
_BOR_OFF                          00003CFF
_BOR_ON                           00003FFF
_BOR_SBODEN                       00003DFF
_CONFIG1                          00002007
_CONFIG2                          00002008
_CPD_OFF                          00003FFF
_CPD_ON                           00003F7F
_CP_OFF                           00003FFF
_CP_ON                            00003FBF
_DEBUG_OFF                        00003FFF
_DEBUG_ON                         00001FFF
_DEVID1                           00002006
MPASM 5.87        TECLADOINTERRUPCIONMUL.ASM   5-20-2025  15:52:06         PAGE 21


SYMBOL TABLE
  LABEL                             VALUE 

_EC_OSC                           00003FFB
_EXTRC                            00003FFF
_EXTRCIO                          00003FFE
_EXTRC_OSC_CLKOUT                 00003FFF
_EXTRC_OSC_NOCLKOUT               00003FFE
_FCMEN_OFF                        000037FF
_FCMEN_ON                         00003FFF
_FOSC_EC                          00003FFB
_FOSC_EXTRC_CLKOUT                00003FFF
_FOSC_EXTRC_NOCLKOUT              00003FFE
_FOSC_HS                          00003FFA
_FOSC_INTRC_CLKOUT                00003FFD
_FOSC_INTRC_NOCLKOUT              00003FFC
_FOSC_LP                          00003FF8
_FOSC_XT                          00003FF9
_HS_OSC                           00003FFA
_IDLOC0                           00002000
_IDLOC1                           00002001
_IDLOC2                           00002002
_IDLOC3                           00002003
_IESO_OFF                         00003BFF
_IESO_ON                          00003FFF
_INTOSC                           00003FFD
_INTOSCIO                         00003FFC
_INTRC_OSC_CLKOUT                 00003FFD
_INTRC_OSC_NOCLKOUT               00003FFC
_LP_OSC                           00003FF8
_LVP_OFF                          00002FFF
_LVP_ON                           00003FFF
_MCLRE_OFF                        00003FDF
_MCLRE_ON                         00003FFF
_PWRTE_OFF                        00003FFF
_PWRTE_ON                         00003FEF
_WDTE_OFF                         00003FF7
_WDTE_ON                          00003FFF
_WDT_OFF                          00003FF7
_WDT_ON                           00003FFF
_WRT_1FOURTH                      00003BFF
_WRT_256                          00003DFF
_WRT_HALF                         000039FF
_WRT_OFF                          00003FFF
_XT_OSC                           00003FF9
__16F887                          00000001

Errors   :     0
Warnings :     0 reported,     0 suppressed
Messages :    18 reported,     0 suppressed

